<?xml version="1.0" encoding="UTF-8"?>
<!-- Generated by org.testng.reporters.JUnitReportReporter -->
<testsuite hostname="LTIN439470" failures="0" tests="2" name="com.framework.test.OrderReviewPageTest" time="72.807" errors="0" timestamp="2023-04-20T16:08:23 IST" skipped="0">
  <testcase classname="com.framework.test.OrderReviewPageTest" name="LoginTest" time="2.543"/>
  <system-out/>
  <testcase classname="com.framework.test.OrderReviewPageTest" name="orderReviewTest" time="70.264"/>
  <system-out/>
</testsuite> <!-- com.framework.test.OrderReviewPageTest -->
