<?xml version="1.0" encoding="UTF-8"?>
<!-- Generated by org.testng.reporters.JUnitReportReporter -->
<testsuite hostname="LTIN439470" failures="0" tests="1" name="com.framework.test.TC_01_LoginPageTest" time="30.953" errors="0" timestamp="2023-04-27T10:12:56 IST" skipped="0">
  <testcase classname="com.framework.test.TC_01_LoginPageTest" name="LoginTest" time="30.953"/>
  <system-out/>
</testsuite> <!-- com.framework.test.TC_01_LoginPageTest -->
