<?xml version="1.0" encoding="UTF-8"?>
<!-- Generated by org.testng.reporters.JUnitReportReporter -->
<testsuite hostname="LTIN439470" failures="0" tests="1" name="com.framework.test.AddToCartPageTest" time="42.034" errors="0" timestamp="2023-04-20T09:52:26 IST" skipped="0">
  <testcase classname="com.framework.test.AddToCartPageTest" name="addCart" time="42.034"/>
  <system-out/>
</testsuite> <!-- com.framework.test.AddToCartPageTest -->
