<?xml version="1.0" encoding="UTF-8"?>
<!-- Generated by org.testng.reporters.JUnitReportReporter -->
<testsuite hostname="LTIN439470" failures="0" tests="1" name="com.framework.test.LoginPageTest" time="42.697" errors="0" timestamp="2023-04-20T11:43:26 IST" skipped="0">
  <testcase classname="com.framework.test.LoginPageTest" name="LoginTest" time="42.697"/>
  <system-out/>
</testsuite> <!-- com.framework.test.LoginPageTest -->
